  Using 'git status' to determine working set for adaptive non-unity build (C:\wks\hackday\hack-day-2021-11-26).
  Creating makefile for vr1Editor (no existing makefile)
  Creating makefile for UnrealHeaderTool (no existing makefile)
  Parsing headers for vr1Editor
    Running UnrealHeaderTool "C:\wks\hackday\hack-day-2021-11-26\vr1\vr1.uproject" "C:\wks\hackday\hack-day-2021-11-26\vr1\Intermediate\Build\Win64\vr1Editor\Development\vr1Editor.uhtmanifest" -LogCmds="loginit warning, logexit warning, logdatabase error" -Unattended -WarningsAsErrors -abslog="C:\wks\unreal427\UnrealEngine-release\Engine\Programs\UnrealBuildTool\Log_UHT.txt"
  LogInit: Display: Loading text-based GConfig....
  Reflection code generated for vr1Editor in 9.3697786 seconds
  Creating makefile for ShaderCompileWorker (no existing makefile)
  Building vr1Editor and ShaderCompileWorker...
  Using Visual Studio 2019 14.29.30136 toolchain (C:\Program Files (x86)\Microsoft Visual Studio\2019\Professional\VC\Tools\MSVC\14.29.30133) and Windows 10.0.19041.0 SDK (C:\Program Files (x86)\Windows Kits\10).
  Building 7 actions with 48 processes...
    [1/7] vr1.init.gen.cpp
    [2/7] vr1.cpp
    [3/7] vr1GameModeBase.cpp
    [4/7] vr1GameModeBase.gen.cpp
    [5/7] UE4Editor-vr1-0001.lib
       Creating library C:\wks\hackday\hack-day-2021-11-26\vr1\Intermediate\Build\Win64\UE4Editor\Development\vr1\UE4Editor-vr1-0001.lib and object C:\wks\hackday\hack-day-2021-11-26\vr1\Intermediate\Build\Win64\UE4Editor\Development\vr1\UE4Editor-vr1-0001.exp
    [6/7] UE4Editor-vr1-0001.dll
       Creating library C:\wks\hackday\hack-day-2021-11-26\vr1\Intermediate\Build\Win64\UE4Editor\Development\vr1\UE4Editor-vr1-0001.suppressed.lib and object C:\wks\hackday\hack-day-2021-11-26\vr1\Intermediate\Build\Win64\UE4Editor\Development\vr1\UE4Editor-vr1-0001.suppressed.exp
    [7/7] vr1Editor.target
  Total time in Parallel executor: 9.87 seconds
  Total execution time: 25.08 seconds
